
==========================================================================
resizer report_tns
--------------------------------------------------------------------------
tns 0.00

==========================================================================
resizer report_wns
--------------------------------------------------------------------------
wns 0.00

==========================================================================
resizer report_worst_slack
--------------------------------------------------------------------------
worst slack 4.62

==========================================================================
resizer report_checks -path_delay min
--------------------------------------------------------------------------
Startpoint: _0871_ (rising edge-triggered flip-flop clocked by core_clock)
Endpoint: _0871_ (rising edge-triggered flip-flop clocked by core_clock)
Path Group: core_clock
Path Type: min

Fanout     Cap    Slew   Delay    Time   Description
-----------------------------------------------------------------------------
                  0.00    0.00    0.00   clock core_clock (rise edge)
                          0.00    0.00   clock network delay (ideal)
                  0.00    0.00    0.00 ^ _0871_/CK (DFF_X1)
     1    1.75    0.01    0.06    0.06 ^ _0871_/QN (DFF_X1)
                                         _0518_ (net)
                  0.01    0.00    0.06 ^ _0695_/A2 (AOI22_X1)
     1    1.19    0.01    0.01    0.08 v _0695_/ZN (AOI22_X1)
                                         _0304_ (net)
                  0.01    0.00    0.08 v _0871_/D (DFF_X1)
                                  0.08   data arrival time

                  0.00    0.00    0.00   clock core_clock (rise edge)
                          0.00    0.00   clock network delay (ideal)
                          0.10    0.10   clock uncertainty
                          0.00    0.10   clock reconvergence pessimism
                                  0.10 ^ _0871_/CK (DFF_X1)
                          0.00    0.10   library hold time
                                  0.10   data required time
-----------------------------------------------------------------------------
                                  0.10   data required time
                                 -0.08   data arrival time
-----------------------------------------------------------------------------
                                 -0.03   slack (VIOLATED)



==========================================================================
resizer report_checks -path_delay max
--------------------------------------------------------------------------
Startpoint: sram_inst (falling edge-triggered flip-flop clocked by core_clock)
Endpoint: _1001_ (rising edge-triggered flip-flop clocked by core_clock)
Path Group: core_clock
Path Type: max

Fanout     Cap    Slew   Delay    Time   Description
-----------------------------------------------------------------------------
                  0.00    5.00    5.00   clock core_clock (fall edge)
                          0.00    5.00   clock network delay (ideal)
                  0.00    0.00    5.00 v sram_inst/clk (SRAM_6T_CORE_64x32_MC_TB)
     1    1.53    0.00    0.21    5.21 v sram_inst/rd_out[31] (SRAM_6T_CORE_64x32_MC_TB)
                                         sram_rdata[31] (net)
                  0.00    0.00    5.21 v _0727_/A2 (AND2_X1)
     1    1.28    0.01    0.03    5.24 v _0727_/ZN (AND2_X1)
                                         _0295_ (net)
                  0.01    0.00    5.24 v _1001_/D (DFF_X2)
                                  5.24   data arrival time

                  0.00   10.00   10.00   clock core_clock (rise edge)
                          0.00   10.00   clock network delay (ideal)
                         -0.10    9.90   clock uncertainty
                          0.00    9.90   clock reconvergence pessimism
                                  9.90 ^ _1001_/CK (DFF_X2)
                         -0.04    9.86   library setup time
                                  9.86   data required time
-----------------------------------------------------------------------------
                                  9.86   data required time
                                 -5.24   data arrival time
-----------------------------------------------------------------------------
                                  4.62   slack (MET)



==========================================================================
resizer report_checks -unconstrained
--------------------------------------------------------------------------
Startpoint: sram_inst (falling edge-triggered flip-flop clocked by core_clock)
Endpoint: _1001_ (rising edge-triggered flip-flop clocked by core_clock)
Path Group: core_clock
Path Type: max

Fanout     Cap    Slew   Delay    Time   Description
-----------------------------------------------------------------------------
                  0.00    5.00    5.00   clock core_clock (fall edge)
                          0.00    5.00   clock network delay (ideal)
                  0.00    0.00    5.00 v sram_inst/clk (SRAM_6T_CORE_64x32_MC_TB)
     1    1.53    0.00    0.21    5.21 v sram_inst/rd_out[31] (SRAM_6T_CORE_64x32_MC_TB)
                                         sram_rdata[31] (net)
                  0.00    0.00    5.21 v _0727_/A2 (AND2_X1)
     1    1.28    0.01    0.03    5.24 v _0727_/ZN (AND2_X1)
                                         _0295_ (net)
                  0.01    0.00    5.24 v _1001_/D (DFF_X2)
                                  5.24   data arrival time

                  0.00   10.00   10.00   clock core_clock (rise edge)
                          0.00   10.00   clock network delay (ideal)
                         -0.10    9.90   clock uncertainty
                          0.00    9.90   clock reconvergence pessimism
                                  9.90 ^ _1001_/CK (DFF_X2)
                         -0.04    9.86   library setup time
                                  9.86   data required time
-----------------------------------------------------------------------------
                                  9.86   data required time
                                 -5.24   data arrival time
-----------------------------------------------------------------------------
                                  4.62   slack (MET)



==========================================================================
resizer report_check_types -max_slew -max_cap -max_fanout -violators
--------------------------------------------------------------------------
max capacitance

Pin                                    Limit     Cap   Slack
------------------------------------------------------------
sram_inst/rd_out[11]                    0.84    2.09   -1.26 (VIOLATED)
sram_inst/rd_out[15]                    0.84    2.08   -1.24 (VIOLATED)
sram_inst/rd_out[17]                    0.84    1.96   -1.12 (VIOLATED)
sram_inst/rd_out[10]                    0.84    1.93   -1.09 (VIOLATED)
sram_inst/rd_out[25]                    0.84    1.92   -1.09 (VIOLATED)
sram_inst/rd_out[19]                    0.84    1.92   -1.09 (VIOLATED)
sram_inst/rd_out[4]                     0.84    1.91   -1.07 (VIOLATED)
sram_inst/rd_out[3]                     0.84    1.87   -1.03 (VIOLATED)
sram_inst/rd_out[12]                    0.84    1.83   -0.99 (VIOLATED)
sram_inst/rd_out[27]                    0.84    1.81   -0.97 (VIOLATED)
sram_inst/rd_out[23]                    0.84    1.80   -0.97 (VIOLATED)
sram_inst/rd_out[21]                    0.84    1.74   -0.91 (VIOLATED)
sram_inst/rd_out[29]                    0.84    1.71   -0.88 (VIOLATED)
sram_inst/rd_out[18]                    0.84    1.69   -0.86 (VIOLATED)
sram_inst/rd_out[7]                     0.84    1.69   -0.85 (VIOLATED)
sram_inst/rd_out[1]                     0.84    1.64   -0.81 (VIOLATED)
sram_inst/rd_out[31]                    0.84    1.61   -0.77 (VIOLATED)
sram_inst/rd_out[13]                    0.84    1.60   -0.76 (VIOLATED)
sram_inst/rd_out[30]                    0.84    1.57   -0.74 (VIOLATED)
sram_inst/rd_out[6]                     0.84    1.56   -0.72 (VIOLATED)
sram_inst/rd_out[14]                    0.84    1.52   -0.68 (VIOLATED)
sram_inst/rd_out[26]                    0.84    1.52   -0.68 (VIOLATED)
sram_inst/rd_out[9]                     0.84    1.52   -0.68 (VIOLATED)
sram_inst/rd_out[0]                     0.84    1.52   -0.68 (VIOLATED)
sram_inst/rd_out[20]                    0.84    1.51   -0.68 (VIOLATED)
sram_inst/rd_out[24]                    0.84    1.48   -0.65 (VIOLATED)
sram_inst/rd_out[22]                    0.84    1.48   -0.64 (VIOLATED)
sram_inst/rd_out[28]                    0.84    1.45   -0.62 (VIOLATED)
sram_inst/rd_out[16]                    0.84    1.45   -0.62 (VIOLATED)
sram_inst/rd_out[2]                     0.84    1.44   -0.61 (VIOLATED)
sram_inst/rd_out[5]                     0.84    1.43   -0.60 (VIOLATED)
sram_inst/rd_out[8]                     0.84    1.42   -0.58 (VIOLATED)


==========================================================================
resizer max_slew_check_slack
--------------------------------------------------------------------------
0.0035042213276028633

==========================================================================
resizer max_slew_check_limit
--------------------------------------------------------------------------
0.03999999910593033

==========================================================================
resizer max_slew_check_slack_limit
--------------------------------------------------------------------------
0.0876

==========================================================================
resizer max_fanout_check_slack
--------------------------------------------------------------------------
3.0

==========================================================================
resizer max_fanout_check_limit
--------------------------------------------------------------------------
4.0

==========================================================================
resizer max_fanout_check_slack_limit
--------------------------------------------------------------------------
0.7500

==========================================================================
resizer max_capacitance_check_slack
--------------------------------------------------------------------------
-1.2573540210723877

==========================================================================
resizer max_capacitance_check_limit
--------------------------------------------------------------------------
0.836400032043457

==========================================================================
resizer max_capacitance_check_slack_limit
--------------------------------------------------------------------------
-1.5033

==========================================================================
resizer max_slew_violation_count
--------------------------------------------------------------------------
max slew violation count 0

==========================================================================
resizer max_fanout_violation_count
--------------------------------------------------------------------------
max fanout violation count 0

==========================================================================
resizer max_cap_violation_count
--------------------------------------------------------------------------
max cap violation count 32

==========================================================================
resizer setup_violation_count
--------------------------------------------------------------------------
setup violation count 0

==========================================================================
resizer hold_violation_count
--------------------------------------------------------------------------
hold violation count 17

==========================================================================
resizer report_checks -path_delay max reg to reg
--------------------------------------------------------------------------
Startpoint: sram_inst (falling edge-triggered flip-flop clocked by core_clock)
Endpoint: _1001_ (rising edge-triggered flip-flop clocked by core_clock)
Path Group: core_clock
Path Type: max

  Delay    Time   Description
---------------------------------------------------------
   5.00    5.00   clock core_clock (fall edge)
   0.00    5.00   clock network delay (ideal)
   0.00    5.00 v sram_inst/clk (SRAM_6T_CORE_64x32_MC_TB)
   0.21    5.21 v sram_inst/rd_out[31] (SRAM_6T_CORE_64x32_MC_TB)
   0.03    5.24 v _0727_/ZN (AND2_X1)
   0.00    5.24 v _1001_/D (DFF_X2)
           5.24   data arrival time

  10.00   10.00   clock core_clock (rise edge)
   0.00   10.00   clock network delay (ideal)
  -0.10    9.90   clock uncertainty
   0.00    9.90   clock reconvergence pessimism
           9.90 ^ _1001_/CK (DFF_X2)
  -0.04    9.86   library setup time
           9.86   data required time
---------------------------------------------------------
           9.86   data required time
          -5.24   data arrival time
---------------------------------------------------------
           4.62   slack (MET)



==========================================================================
resizer report_checks -path_delay min reg to reg
--------------------------------------------------------------------------
Startpoint: _0871_ (rising edge-triggered flip-flop clocked by core_clock)
Endpoint: _0871_ (rising edge-triggered flip-flop clocked by core_clock)
Path Group: core_clock
Path Type: min

  Delay    Time   Description
---------------------------------------------------------
   0.00    0.00   clock core_clock (rise edge)
   0.00    0.00   clock network delay (ideal)
   0.00    0.00 ^ _0871_/CK (DFF_X1)
   0.06    0.06 ^ _0871_/QN (DFF_X1)
   0.01    0.08 v _0695_/ZN (AOI22_X1)
   0.00    0.08 v _0871_/D (DFF_X1)
           0.08   data arrival time

   0.00    0.00   clock core_clock (rise edge)
   0.00    0.00   clock network delay (ideal)
   0.10    0.10   clock uncertainty
   0.00    0.10   clock reconvergence pessimism
           0.10 ^ _0871_/CK (DFF_X1)
   0.00    0.10   library hold time
           0.10   data required time
---------------------------------------------------------
           0.10   data required time
          -0.08   data arrival time
---------------------------------------------------------
          -0.03   slack (VIOLATED)



==========================================================================
resizer critical path target clock latency max path
--------------------------------------------------------------------------
0.0000

==========================================================================
resizer critical path target clock latency min path
--------------------------------------------------------------------------
0.0000

==========================================================================
resizer critical path source clock latency min path
--------------------------------------------------------------------------
0.0000

==========================================================================
resizer critical path delay
--------------------------------------------------------------------------
5.2399

==========================================================================
resizer critical path slack
--------------------------------------------------------------------------
4.6187

==========================================================================
resizer slack div critical path delay
--------------------------------------------------------------------------
88.144812

==========================================================================
resizer report_power
--------------------------------------------------------------------------
Group                  Internal  Switching    Leakage      Total
                          Power      Power      Power      Power (Watts)
----------------------------------------------------------------
Sequential             9.73e-05   1.72e-05   1.52e-05   1.30e-04  26.1%
Combinational          3.38e-06   4.89e-06   2.39e-04   2.48e-04  49.8%
Clock                  0.00e+00   0.00e+00   0.00e+00   0.00e+00   0.0%
Macro                  1.15e-04   0.00e+00   4.90e-06   1.20e-04  24.1%
Pad                    0.00e+00   0.00e+00   0.00e+00   0.00e+00   0.0%
----------------------------------------------------------------
Total                  2.16e-04   2.21e-05   2.59e-04   4.97e-04 100.0%
                          43.4%       4.4%      52.2%
